Jul 20 2023 15:16:49
{"type":8192,"message":"Using ${var} in strings is deprecated, use {$var} instead","file":"C:\\xampp\\htdocs\\Github_dindy\\Dindy\\wp-content\\plugins\\simply-static\\src\\class-ss-query.php","line":397}

Jul 20 2023 15:16:49
{"type":8192,"message":"Using ${var} in strings is deprecated, use {$var} instead","file":"C:\\xampp\\htdocs\\Github_dindy\\Dindy\\wp-content\\plugins\\simply-static\\src\\class-ss-query.php","line":397}

Jul 20 2023 15:16:50
{"type":8192,"message":"Using ${var} in strings is deprecated, use {$var} instead","file":"C:\\xampp\\htdocs\\Github_dindy\\Dindy\\wp-content\\plugins\\simply-static\\src\\class-ss-query.php","line":397}

Jul 20 2023 15:16:50
{"type":8192,"message":"Using ${var} in strings is deprecated, use {$var} instead","file":"C:\\xampp\\htdocs\\Github_dindy\\Dindy\\wp-content\\plugins\\simply-static\\src\\class-ss-query.php","line":397}

Jul 20 2023 15:16:51
{"type":8192,"message":"Using ${var} in strings is deprecated, use {$var} instead","file":"C:\\xampp\\htdocs\\Github_dindy\\Dindy\\wp-content\\plugins\\simply-static\\src\\class-ss-query.php","line":397}

Jul 20 2023 15:16:51
{"type":8192,"message":"Using ${var} in strings is deprecated, use {$var} instead","file":"C:\\xampp\\htdocs\\Github_dindy\\Dindy\\wp-content\\plugins\\simply-static\\src\\class-ss-query.php","line":397}

Jul 20 2023 15:16:52
{"type":8192,"message":"Using ${var} in strings is deprecated, use {$var} instead","file":"C:\\xampp\\htdocs\\Github_dindy\\Dindy\\wp-content\\plugins\\simply-static\\src\\class-ss-query.php","line":397}

Jul 20 2023 15:16:52
{"type":8192,"message":"Using ${var} in strings is deprecated, use {$var} instead","file":"C:\\xampp\\htdocs\\Github_dindy\\Dindy\\wp-content\\plugins\\simply-static\\src\\class-ss-query.php","line":397}

Jul 20 2023 15:16:53
{"type":8192,"message":"Using ${var} in strings is deprecated, use {$var} instead","file":"C:\\xampp\\htdocs\\Github_dindy\\Dindy\\wp-content\\plugins\\simply-static\\src\\class-ss-query.php","line":397}

Jul 20 2023 15:16:53
{"type":8192,"message":"Using ${var} in strings is deprecated, use {$var} instead","file":"C:\\xampp\\htdocs\\Github_dindy\\Dindy\\wp-content\\plugins\\simply-static\\src\\class-ss-query.php","line":397}

Jul 20 2023 15:16:53
{"type":8192,"message":"Using ${var} in strings is deprecated, use {$var} instead","file":"C:\\xampp\\htdocs\\Github_dindy\\Dindy\\wp-content\\plugins\\simply-static\\src\\class-ss-query.php","line":397}

Jul 20 2023 15:16:54
{"type":8192,"message":"Using ${var} in strings is deprecated, use {$var} instead","file":"C:\\xampp\\htdocs\\Github_dindy\\Dindy\\wp-content\\plugins\\simply-static\\src\\class-ss-query.php","line":397}

Jul 20 2023 15:16:54
{"type":8192,"message":"Using ${var} in strings is deprecated, use {$var} instead","file":"C:\\xampp\\htdocs\\Github_dindy\\Dindy\\wp-content\\plugins\\simply-static\\src\\class-ss-query.php","line":397}

Jul 20 2023 15:16:55
{"type":8192,"message":"Using ${var} in strings is deprecated, use {$var} instead","file":"C:\\xampp\\htdocs\\Github_dindy\\Dindy\\wp-content\\plugins\\simply-static\\src\\class-ss-query.php","line":397}

Jul 20 2023 15:16:55
{"type":8192,"message":"Using ${var} in strings is deprecated, use {$var} instead","file":"C:\\xampp\\htdocs\\Github_dindy\\Dindy\\wp-content\\plugins\\simply-static\\src\\class-ss-query.php","line":397}

Jul 20 2023 15:16:56
{"type":8192,"message":"Using ${var} in strings is deprecated, use {$var} instead","file":"C:\\xampp\\htdocs\\Github_dindy\\Dindy\\wp-content\\plugins\\simply-static\\src\\class-ss-query.php","line":397}

Jul 20 2023 15:16:56
{"type":8192,"message":"Using ${var} in strings is deprecated, use {$var} instead","file":"C:\\xampp\\htdocs\\Github_dindy\\Dindy\\wp-content\\plugins\\simply-static\\src\\class-ss-query.php","line":397}

Jul 20 2023 15:16:57
{"type":8192,"message":"Using ${var} in strings is deprecated, use {$var} instead","file":"C:\\xampp\\htdocs\\Github_dindy\\Dindy\\wp-content\\plugins\\simply-static\\src\\class-ss-query.php","line":397}

Jul 20 2023 15:16:57
{"type":8192,"message":"Using ${var} in strings is deprecated, use {$var} instead","file":"C:\\xampp\\htdocs\\Github_dindy\\Dindy\\wp-content\\plugins\\simply-static\\src\\class-ss-query.php","line":397}

Jul 20 2023 15:16:58
{"type":8192,"message":"Using ${var} in strings is deprecated, use {$var} instead","file":"C:\\xampp\\htdocs\\Github_dindy\\Dindy\\wp-content\\plugins\\simply-static\\src\\class-ss-query.php","line":397}

Jul 20 2023 15:16:58
{"type":8192,"message":"Using ${var} in strings is deprecated, use {$var} instead","file":"C:\\xampp\\htdocs\\Github_dindy\\Dindy\\wp-content\\plugins\\simply-static\\src\\class-ss-query.php","line":397}

Jul 20 2023 15:16:58
{"type":8192,"message":"Using ${var} in strings is deprecated, use {$var} instead","file":"C:\\xampp\\htdocs\\Github_dindy\\Dindy\\wp-content\\plugins\\simply-static\\src\\class-ss-query.php","line":397}

Jul 20 2023 15:16:59
{"type":8192,"message":"Using ${var} in strings is deprecated, use {$var} instead","file":"C:\\xampp\\htdocs\\Github_dindy\\Dindy\\wp-content\\plugins\\simply-static\\src\\class-ss-query.php","line":397}

Jul 20 2023 15:16:59
{"type":8192,"message":"Using ${var} in strings is deprecated, use {$var} instead","file":"C:\\xampp\\htdocs\\Github_dindy\\Dindy\\wp-content\\plugins\\simply-static\\src\\class-ss-query.php","line":397}

Jul 20 2023 15:17:00
{"type":8192,"message":"Using ${var} in strings is deprecated, use {$var} instead","file":"C:\\xampp\\htdocs\\Github_dindy\\Dindy\\wp-content\\plugins\\simply-static\\src\\class-ss-query.php","line":397}

Jul 20 2023 15:17:00
{"type":8192,"message":"Using ${var} in strings is deprecated, use {$var} instead","file":"C:\\xampp\\htdocs\\Github_dindy\\Dindy\\wp-content\\plugins\\simply-static\\src\\class-ss-query.php","line":397}

Jul 20 2023 15:17:01
{"type":8192,"message":"Using ${var} in strings is deprecated, use {$var} instead","file":"C:\\xampp\\htdocs\\Github_dindy\\Dindy\\wp-content\\plugins\\simply-static\\src\\class-ss-query.php","line":397}

Jul 20 2023 15:17:01
{"type":8192,"message":"Using ${var} in strings is deprecated, use {$var} instead","file":"C:\\xampp\\htdocs\\Github_dindy\\Dindy\\wp-content\\plugins\\simply-static\\src\\class-ss-query.php","line":397}

Jul 20 2023 15:17:02
{"type":8192,"message":"Using ${var} in strings is deprecated, use {$var} instead","file":"C:\\xampp\\htdocs\\Github_dindy\\Dindy\\wp-content\\plugins\\simply-static\\src\\class-ss-query.php","line":397}

Jul 20 2023 15:17:02
{"type":8192,"message":"Using ${var} in strings is deprecated, use {$var} instead","file":"C:\\xampp\\htdocs\\Github_dindy\\Dindy\\wp-content\\plugins\\simply-static\\src\\class-ss-query.php","line":397}

Jul 20 2023 15:17:02
{"type":8192,"message":"Using ${var} in strings is deprecated, use {$var} instead","file":"C:\\xampp\\htdocs\\Github_dindy\\Dindy\\wp-content\\plugins\\simply-static\\src\\class-ss-query.php","line":397}

Jul 20 2023 15:17:03
{"type":8192,"message":"Using ${var} in strings is deprecated, use {$var} instead","file":"C:\\xampp\\htdocs\\Github_dindy\\Dindy\\wp-content\\plugins\\simply-static\\src\\class-ss-query.php","line":397}

Jul 20 2023 15:17:03
{"type":8192,"message":"Using ${var} in strings is deprecated, use {$var} instead","file":"C:\\xampp\\htdocs\\Github_dindy\\Dindy\\wp-content\\plugins\\simply-static\\src\\class-ss-query.php","line":397}

Jul 20 2023 15:17:04
{"type":8192,"message":"Using ${var} in strings is deprecated, use {$var} instead","file":"C:\\xampp\\htdocs\\Github_dindy\\Dindy\\wp-content\\plugins\\simply-static\\src\\class-ss-query.php","line":397}

Jul 20 2023 15:17:04
{"type":8192,"message":"Using ${var} in strings is deprecated, use {$var} instead","file":"C:\\xampp\\htdocs\\Github_dindy\\Dindy\\wp-content\\plugins\\simply-static\\src\\class-ss-query.php","line":397}

Jul 20 2023 15:17:05
{"type":8192,"message":"Using ${var} in strings is deprecated, use {$var} instead","file":"C:\\xampp\\htdocs\\Github_dindy\\Dindy\\wp-content\\plugins\\simply-static\\src\\class-ss-query.php","line":397}

Jul 20 2023 15:17:05
{"type":8192,"message":"Using ${var} in strings is deprecated, use {$var} instead","file":"C:\\xampp\\htdocs\\Github_dindy\\Dindy\\wp-content\\plugins\\simply-static\\src\\class-ss-query.php","line":397}

Jul 20 2023 15:17:06
{"type":8192,"message":"Using ${var} in strings is deprecated, use {$var} instead","file":"C:\\xampp\\htdocs\\Github_dindy\\Dindy\\wp-content\\plugins\\simply-static\\src\\class-ss-query.php","line":397}

Jul 20 2023 15:17:06
{"type":8192,"message":"Using ${var} in strings is deprecated, use {$var} instead","file":"C:\\xampp\\htdocs\\Github_dindy\\Dindy\\wp-content\\plugins\\simply-static\\src\\class-ss-query.php","line":397}

Jul 20 2023 15:17:07
{"type":8192,"message":"Using ${var} in strings is deprecated, use {$var} instead","file":"C:\\xampp\\htdocs\\Github_dindy\\Dindy\\wp-content\\plugins\\simply-static\\src\\class-ss-query.php","line":397}

Jul 20 2023 15:17:07
{"type":8192,"message":"Using ${var} in strings is deprecated, use {$var} instead","file":"C:\\xampp\\htdocs\\Github_dindy\\Dindy\\wp-content\\plugins\\simply-static\\src\\class-ss-query.php","line":397}

Jul 20 2023 15:17:07
{"type":8192,"message":"Using ${var} in strings is deprecated, use {$var} instead","file":"C:\\xampp\\htdocs\\Github_dindy\\Dindy\\wp-content\\plugins\\simply-static\\src\\class-ss-query.php","line":397}

Jul 20 2023 15:17:08
{"type":8192,"message":"Using ${var} in strings is deprecated, use {$var} instead","file":"C:\\xampp\\htdocs\\Github_dindy\\Dindy\\wp-content\\plugins\\simply-static\\src\\class-ss-query.php","line":397}

Jul 20 2023 15:17:08
{"type":8192,"message":"Using ${var} in strings is deprecated, use {$var} instead","file":"C:\\xampp\\htdocs\\Github_dindy\\Dindy\\wp-content\\plugins\\simply-static\\src\\class-ss-query.php","line":397}

Jul 20 2023 15:17:09
{"type":8192,"message":"Using ${var} in strings is deprecated, use {$var} instead","file":"C:\\xampp\\htdocs\\Github_dindy\\Dindy\\wp-content\\plugins\\simply-static\\src\\class-ss-query.php","line":397}

Jul 20 2023 15:17:09
{"type":8192,"message":"Using ${var} in strings is deprecated, use {$var} instead","file":"C:\\xampp\\htdocs\\Github_dindy\\Dindy\\wp-content\\plugins\\simply-static\\src\\class-ss-query.php","line":397}

Jul 20 2023 15:17:10
{"type":8192,"message":"Using ${var} in strings is deprecated, use {$var} instead","file":"C:\\xampp\\htdocs\\Github_dindy\\Dindy\\wp-content\\plugins\\simply-static\\src\\class-ss-query.php","line":397}

Jul 20 2023 15:17:10
{"type":8192,"message":"Using ${var} in strings is deprecated, use {$var} instead","file":"C:\\xampp\\htdocs\\Github_dindy\\Dindy\\wp-content\\plugins\\simply-static\\src\\class-ss-query.php","line":397}

Jul 20 2023 15:17:11
{"type":8192,"message":"Using ${var} in strings is deprecated, use {$var} instead","file":"C:\\xampp\\htdocs\\Github_dindy\\Dindy\\wp-content\\plugins\\simply-static\\src\\class-ss-query.php","line":397}

Jul 20 2023 15:17:11
{"type":8192,"message":"Using ${var} in strings is deprecated, use {$var} instead","file":"C:\\xampp\\htdocs\\Github_dindy\\Dindy\\wp-content\\plugins\\simply-static\\src\\class-ss-query.php","line":397}

Jul 20 2023 15:17:12
{"type":8192,"message":"Using ${var} in strings is deprecated, use {$var} instead","file":"C:\\xampp\\htdocs\\Github_dindy\\Dindy\\wp-content\\plugins\\simply-static\\src\\class-ss-query.php","line":397}

Jul 20 2023 15:17:12
{"type":8192,"message":"Using ${var} in strings is deprecated, use {$var} instead","file":"C:\\xampp\\htdocs\\Github_dindy\\Dindy\\wp-content\\plugins\\simply-static\\src\\class-ss-query.php","line":397}

Jul 20 2023 15:17:12
{"type":8192,"message":"Using ${var} in strings is deprecated, use {$var} instead","file":"C:\\xampp\\htdocs\\Github_dindy\\Dindy\\wp-content\\plugins\\simply-static\\src\\class-ss-query.php","line":397}

Jul 20 2023 15:17:13
{"type":8192,"message":"Using ${var} in strings is deprecated, use {$var} instead","file":"C:\\xampp\\htdocs\\Github_dindy\\Dindy\\wp-content\\plugins\\simply-static\\src\\class-ss-query.php","line":397}

Jul 20 2023 15:17:13
{"type":8192,"message":"Using ${var} in strings is deprecated, use {$var} instead","file":"C:\\xampp\\htdocs\\Github_dindy\\Dindy\\wp-content\\plugins\\simply-static\\src\\class-ss-query.php","line":397}

Jul 20 2023 15:17:14
{"type":8192,"message":"Using ${var} in strings is deprecated, use {$var} instead","file":"C:\\xampp\\htdocs\\Github_dindy\\Dindy\\wp-content\\plugins\\simply-static\\src\\class-ss-query.php","line":397}

Jul 20 2023 15:17:14
{"type":8192,"message":"Using ${var} in strings is deprecated, use {$var} instead","file":"C:\\xampp\\htdocs\\Github_dindy\\Dindy\\wp-content\\plugins\\simply-static\\src\\class-ss-query.php","line":397}

Jul 20 2023 15:17:15
{"type":8192,"message":"Using ${var} in strings is deprecated, use {$var} instead","file":"C:\\xampp\\htdocs\\Github_dindy\\Dindy\\wp-content\\plugins\\simply-static\\src\\class-ss-query.php","line":397}

Jul 20 2023 15:17:15
{"type":8192,"message":"Using ${var} in strings is deprecated, use {$var} instead","file":"C:\\xampp\\htdocs\\Github_dindy\\Dindy\\wp-content\\plugins\\simply-static\\src\\class-ss-query.php","line":397}

Jul 20 2023 15:17:15
{"type":8192,"message":"Using ${var} in strings is deprecated, use {$var} instead","file":"C:\\xampp\\htdocs\\Github_dindy\\Dindy\\wp-content\\plugins\\simply-static\\src\\class-ss-query.php","line":397}

Jul 20 2023 15:17:16
{"type":8192,"message":"Using ${var} in strings is deprecated, use {$var} instead","file":"C:\\xampp\\htdocs\\Github_dindy\\Dindy\\wp-content\\plugins\\simply-static\\src\\class-ss-query.php","line":397}

Jul 20 2023 15:17:16
{"type":8192,"message":"Using ${var} in strings is deprecated, use {$var} instead","file":"C:\\xampp\\htdocs\\Github_dindy\\Dindy\\wp-content\\plugins\\simply-static\\src\\class-ss-query.php","line":397}

Jul 20 2023 15:17:17
{"type":8192,"message":"Using ${var} in strings is deprecated, use {$var} instead","file":"C:\\xampp\\htdocs\\Github_dindy\\Dindy\\wp-content\\plugins\\simply-static\\src\\class-ss-query.php","line":397}

Jul 20 2023 15:17:23
{"type":8192,"message":"Using ${var} in strings is deprecated, use {$var} instead","file":"C:\\xampp\\htdocs\\Github_dindy\\Dindy\\wp-content\\plugins\\simply-static\\src\\class-ss-query.php","line":397}

Jul 20 2023 15:17:23
{"type":8192,"message":"Using ${var} in strings is deprecated, use {$var} instead","file":"C:\\xampp\\htdocs\\Github_dindy\\Dindy\\wp-content\\plugins\\simply-static\\src\\class-ss-query.php","line":397}

Jul 20 2023 15:17:33
{"type":8192,"message":"Using ${var} in strings is deprecated, use {$var} instead","file":"C:\\xampp\\htdocs\\Github_dindy\\Dindy\\wp-content\\plugins\\simply-static\\src\\class-ss-query.php","line":397}

Jul 20 2023 15:17:44
{"type":8192,"message":"Using ${var} in strings is deprecated, use {$var} instead","file":"C:\\xampp\\htdocs\\Github_dindy\\Dindy\\wp-content\\plugins\\simply-static\\src\\class-ss-query.php","line":397}

Jul 20 2023 15:17:47
{"type":8192,"message":"Using ${var} in strings is deprecated, use {$var} instead","file":"C:\\xampp\\htdocs\\Github_dindy\\Dindy\\wp-content\\plugins\\simply-static\\src\\class-ss-query.php","line":397}

Jul 20 2023 15:17:48
{"type":8192,"message":"Using ${var} in strings is deprecated, use {$var} instead","file":"C:\\xampp\\htdocs\\Github_dindy\\Dindy\\wp-content\\plugins\\simply-static\\src\\class-ss-query.php","line":397}

Jul 20 2023 15:17:49
{"Number":8192,"Message":"Creation of dynamic property Ai1wm_Database_Mysqli::$old_replace_raw_values is deprecated","File":"C:\\xampp\\htdocs\\Github_dindy\\Dindy\\wp-content\\plugins\\all-in-one-wp-migration\\lib\\vendor\\servmask\\database\\class-ai1wm-database.php","Line":300}

Jul 20 2023 15:17:49
{"Number":8192,"Message":"Creation of dynamic property Ai1wm_Database_Mysqli::$new_replace_raw_values is deprecated","File":"C:\\xampp\\htdocs\\Github_dindy\\Dindy\\wp-content\\plugins\\all-in-one-wp-migration\\lib\\vendor\\servmask\\database\\class-ai1wm-database.php","Line":321}

Jul 20 2023 15:17:53
{"type":8192,"message":"Using ${var} in strings is deprecated, use {$var} instead","file":"C:\\xampp\\htdocs\\Github_dindy\\Dindy\\wp-content\\plugins\\simply-static\\src\\class-ss-query.php","line":397}

Jul 20 2023 15:17:53
{"type":8192,"message":"Return type of Ai1wm_Recursive_Newline_Filter::accept() should either be compatible with FilterIterator::accept(): bool, or the #[\\ReturnTypeWillChange] attribute should be used to temporarily suppress the notice","file":"C:\\xampp\\htdocs\\Github_dindy\\Dindy\\wp-content\\plugins\\all-in-one-wp-migration\\lib\\vendor\\servmask\\filter\\class-ai1wm-recursive-newline-filter.php","line":28}

Jul 20 2023 15:17:57
{"Number":8192,"Message":"DateTime::__construct(): Passing null to parameter #1 ($datetime) of type string is deprecated","File":"C:\\xampp\\htdocs\\Github_dindy\\Dindy\\wp-content\\plugins\\wpforms\\vendor\\woocommerce\\action-scheduler\\functions.php","Line":272}

Jul 20 2023 15:17:57
{"type":8192,"message":"Return type of ActionScheduler_DateTime::getTimestamp() should either be compatible with DateTime::getTimestamp(): int, or the #[\\ReturnTypeWillChange] attribute should be used to temporarily suppress the notice","file":"C:\\xampp\\htdocs\\Github_dindy\\Dindy\\wp-content\\plugins\\wpforms\\vendor\\woocommerce\\action-scheduler\\classes\\ActionScheduler_DateTime.php","line":27}

